2024-06-26 11:42:07 0 [Note] Starting MariaDB 11.4.2-MariaDB source revision 3fca5ed772fb75e3e57c507edef2985f8eba5b12 as process 10392
2024-06-26 11:42:07 0 [Note] InnoDB: Compressed tables use zlib 1.3.1
2024-06-26 11:42:07 0 [Note] InnoDB: Number of transaction pools: 1
2024-06-26 11:42:07 0 [Note] InnoDB: Using crc32 + pclmulqdq instructions
2024-06-26 11:42:07 0 [Note] InnoDB: Initializing buffer pool, total size = 128.000MiB, chunk size = 2.000MiB
2024-06-26 11:42:07 0 [Note] InnoDB: Completed initialization of buffer pool
2024-06-26 11:42:07 0 [Note] InnoDB: File system buffers for log disabled (block size=4096 bytes)
2024-06-26 11:42:07 0 [Note] InnoDB: End of log at LSN=87286
2024-06-26 11:42:07 0 [Note] InnoDB: Opened 3 undo tablespaces
2024-06-26 11:42:07 0 [Note] InnoDB: 128 rollback segments in 3 undo tablespaces are active.
2024-06-26 11:42:07 0 [Note] InnoDB: Setting file './ibtmp1' size to 12.000MiB. Physically writing the file full; Please wait ...
2024-06-26 11:42:07 0 [Note] InnoDB: File './ibtmp1' size is now 12.000MiB.
2024-06-26 11:42:07 0 [Note] InnoDB: log sequence number 87286; transaction id 104
2024-06-26 11:42:07 0 [Note] InnoDB: Loading buffer pool(s) from C:\Users\chich\Documents\Site\system\mysql\data\ib_buffer_pool
2024-06-26 11:42:07 0 [Note] Plugin 'FEEDBACK' is disabled.
2024-06-26 11:42:07 0 [Note] mysqld.exe: SSPI: using principal name 'localhost', mech 'Negotiate'
2024-06-26 11:42:07 0 [Note] InnoDB: Buffer pool(s) load completed at 240626 11:42:07
2024-06-26 11:42:07 0 [Note] Server socket created on IP: '::'.
2024-06-26 11:42:07 0 [Note] Server socket created on IP: '0.0.0.0'.
2024-06-26 11:42:07 0 [Note] mysqld.exe: Event Scheduler: Loaded 0 events
2024-06-26 11:42:07 0 [Note] C:\Users\chich\Documents\Site\system\mysql\bin\mysqld.exe: ready for connections.
Version: '11.4.2-MariaDB'  socket: ''  port: 3306  mariadb.org binary distribution
2024-06-26 15:29:27 0 [Note] console_event_handler: received CTRL_CLOSE_EVENT event, terminating
2024-07-02  7:43:27 0 [Note] Starting MariaDB 11.4.2-MariaDB source revision 3fca5ed772fb75e3e57c507edef2985f8eba5b12 as process 1780
2024-07-02  7:43:27 0 [Note] InnoDB: Compressed tables use zlib 1.3.1
2024-07-02  7:43:27 0 [Note] InnoDB: Number of transaction pools: 1
2024-07-02  7:43:27 0 [Note] InnoDB: Using crc32 + pclmulqdq instructions
2024-07-02  7:43:27 0 [Note] InnoDB: Initializing buffer pool, total size = 128.000MiB, chunk size = 2.000MiB
2024-07-02  7:43:27 0 [Note] InnoDB: Completed initialization of buffer pool
2024-07-02  7:43:27 0 [Note] InnoDB: File system buffers for log disabled (block size=4096 bytes)
2024-07-02  7:43:27 0 [Note] InnoDB: Starting crash recovery from checkpoint LSN=87270
2024-07-02  7:43:27 0 [Note] InnoDB: End of log at LSN=90871
2024-07-02  7:43:27 0 [Note] InnoDB: To recover: 19 pages
2024-07-02  7:43:27 0 [Note] InnoDB: Opened 3 undo tablespaces
2024-07-02  7:43:27 0 [Note] InnoDB: 128 rollback segments in 3 undo tablespaces are active.
2024-07-02  7:43:27 0 [Note] InnoDB: Removed temporary tablespace data file: "./ibtmp1"
2024-07-02  7:43:27 0 [Note] InnoDB: Setting file './ibtmp1' size to 12.000MiB. Physically writing the file full; Please wait ...
2024-07-02  7:43:27 0 [Note] InnoDB: File './ibtmp1' size is now 12.000MiB.
2024-07-02  7:43:27 0 [Note] InnoDB: log sequence number 90871; transaction id 121
2024-07-02  7:43:27 0 [Note] Plugin 'FEEDBACK' is disabled.
2024-07-02  7:43:27 0 [Note] InnoDB: Loading buffer pool(s) from C:\Users\chich\Documents\Site\system\mysql\data\ib_buffer_pool
2024-07-02  7:43:27 0 [Note] mysqld.exe: SSPI: using principal name 'localhost', mech 'Negotiate'
2024-07-02  7:43:28 0 [Note] Recovering after a crash using tc.log
2024-07-02  7:43:28 0 [Note] Starting table crash recovery...
2024-07-02  7:43:28 0 [Note] Crash table recovery finished.
2024-07-02  7:43:28 0 [Note] InnoDB: Buffer pool(s) load completed at 240702  7:43:28
2024-07-02  7:43:28 0 [Note] Server socket created on IP: '::'.
2024-07-02  7:43:28 0 [Note] Server socket created on IP: '0.0.0.0'.
2024-07-02  7:43:28 0 [Note] mysqld.exe: Event Scheduler: Loaded 0 events
2024-07-02  7:43:28 0 [Note] C:\Users\chich\Documents\Site\system\mysql\bin\mysqld.exe: ready for connections.
Version: '11.4.2-MariaDB'  socket: ''  port: 3306  mariadb.org binary distribution
2024-07-02  9:12:39 0 [Note] console_event_handler: received CTRL_CLOSE_EVENT event, terminating
2024-07-03  1:26:55 0 [Note] Starting MariaDB 11.4.2-MariaDB source revision 3fca5ed772fb75e3e57c507edef2985f8eba5b12 as process 22312
2024-07-03  1:26:55 0 [Note] InnoDB: Compressed tables use zlib 1.3.1
2024-07-03  1:26:55 0 [Note] InnoDB: Number of transaction pools: 1
2024-07-03  1:26:55 0 [Note] InnoDB: Using crc32 + pclmulqdq instructions
2024-07-03  1:26:55 0 [Note] InnoDB: Initializing buffer pool, total size = 128.000MiB, chunk size = 2.000MiB
2024-07-03  1:26:55 0 [Note] InnoDB: Completed initialization of buffer pool
2024-07-03  1:26:55 0 [Note] InnoDB: File system buffers for log disabled (block size=4096 bytes)
2024-07-03  1:26:55 0 [Note] InnoDB: Starting crash recovery from checkpoint LSN=87286
2024-07-03  1:26:55 0 [Note] InnoDB: End of log at LSN=91870
2024-07-03  1:26:55 0 [Note] InnoDB: To recover: 19 pages
2024-07-03  1:26:55 0 [Note] InnoDB: Opened 3 undo tablespaces
2024-07-03  1:26:55 0 [Note] InnoDB: 128 rollback segments in 3 undo tablespaces are active.
2024-07-03  1:26:55 0 [Note] InnoDB: Removed temporary tablespace data file: "./ibtmp1"
2024-07-03  1:26:55 0 [Note] InnoDB: Setting file './ibtmp1' size to 12.000MiB. Physically writing the file full; Please wait ...
2024-07-03  1:26:55 0 [Note] InnoDB: File './ibtmp1' size is now 12.000MiB.
2024-07-03  1:26:55 0 [Note] InnoDB: log sequence number 91870; transaction id 130
2024-07-03  1:26:55 0 [Note] Plugin 'FEEDBACK' is disabled.
2024-07-03  1:26:55 0 [Note] InnoDB: Loading buffer pool(s) from C:\Users\chich\Documents\Site\system\mysql\data\ib_buffer_pool
2024-07-03  1:26:55 0 [Note] mysqld.exe: SSPI: using principal name 'localhost', mech 'Negotiate'
2024-07-03  1:26:55 0 [Note] Recovering after a crash using tc.log
2024-07-03  1:26:55 0 [Note] Starting table crash recovery...
2024-07-03  1:26:55 0 [Note] Crash table recovery finished.
2024-07-03  1:26:56 0 [Note] InnoDB: Buffer pool(s) load completed at 240703  1:26:56
2024-07-03  1:26:56 0 [Note] Server socket created on IP: '::'.
2024-07-03  1:26:56 0 [Note] Server socket created on IP: '0.0.0.0'.
2024-07-03  1:26:56 0 [Note] mysqld.exe: Event Scheduler: Loaded 0 events
2024-07-03  1:26:56 0 [Note] C:\Users\chich\Documents\Site\system\mysql\bin\mysqld.exe: ready for connections.
Version: '11.4.2-MariaDB'  socket: ''  port: 3306  mariadb.org binary distribution
2024-07-03  1:27:02 0 [Note] console_event_handler: received CTRL_CLOSE_EVENT event, terminating
2024-07-03  1:27:15 0 [Note] Starting MariaDB 11.4.2-MariaDB source revision 3fca5ed772fb75e3e57c507edef2985f8eba5b12 as process 25292
2024-07-03  1:27:15 0 [Note] InnoDB: Compressed tables use zlib 1.3.1
2024-07-03  1:27:15 0 [Note] InnoDB: Number of transaction pools: 1
2024-07-03  1:27:15 0 [Note] InnoDB: Using crc32 + pclmulqdq instructions
2024-07-03  1:27:15 0 [Note] InnoDB: Initializing buffer pool, total size = 128.000MiB, chunk size = 2.000MiB
2024-07-03  1:27:15 0 [Note] InnoDB: Completed initialization of buffer pool
2024-07-03  1:27:15 0 [Note] InnoDB: File system buffers for log disabled (block size=4096 bytes)
2024-07-03  1:27:15 0 [Note] InnoDB: Starting crash recovery from checkpoint LSN=87286
2024-07-03  1:27:15 0 [Note] InnoDB: End of log at LSN=92016
2024-07-03  1:27:15 0 [Note] InnoDB: To recover: 19 pages
2024-07-03  1:27:15 0 [Note] InnoDB: Opened 3 undo tablespaces
2024-07-03  1:27:15 0 [Note] InnoDB: 128 rollback segments in 3 undo tablespaces are active.
2024-07-03  1:27:15 0 [Note] InnoDB: Removed temporary tablespace data file: "./ibtmp1"
2024-07-03  1:27:15 0 [Note] InnoDB: Setting file './ibtmp1' size to 12.000MiB. Physically writing the file full; Please wait ...
2024-07-03  1:27:15 0 [Note] InnoDB: File './ibtmp1' size is now 12.000MiB.
2024-07-03  1:27:15 0 [Note] InnoDB: log sequence number 92016; transaction id 130
2024-07-03  1:27:15 0 [Note] InnoDB: Loading buffer pool(s) from C:\Users\chich\Documents\Site\system\mysql\data\ib_buffer_pool
2024-07-03  1:27:15 0 [Note] Plugin 'FEEDBACK' is disabled.
2024-07-03  1:27:15 0 [Note] mysqld.exe: SSPI: using principal name 'localhost', mech 'Negotiate'
2024-07-03  1:27:15 0 [Note] InnoDB: Buffer pool(s) load completed at 240703  1:27:15
2024-07-03  1:27:15 0 [Note] Recovering after a crash using tc.log
2024-07-03  1:27:15 0 [Note] Starting table crash recovery...
2024-07-03  1:27:15 0 [Note] Crash table recovery finished.
2024-07-03  1:27:15 0 [Note] Server socket created on IP: '::'.
2024-07-03  1:27:15 0 [Note] Server socket created on IP: '0.0.0.0'.
2024-07-03  1:27:15 0 [Note] mysqld.exe: Event Scheduler: Loaded 0 events
2024-07-03  1:27:15 0 [Note] C:\Users\chich\Documents\Site\system\mysql\bin\mysqld.exe: ready for connections.
Version: '11.4.2-MariaDB'  socket: ''  port: 3306  mariadb.org binary distribution
2024-07-03  1:46:59 0 [Note] console_event_handler: received CTRL_CLOSE_EVENT event, terminating
2024-07-03  7:17:40 0 [Note] Starting MariaDB 11.4.2-MariaDB source revision 3fca5ed772fb75e3e57c507edef2985f8eba5b12 as process 6984
2024-07-03  7:17:40 0 [Note] InnoDB: Compressed tables use zlib 1.3.1
2024-07-03  7:17:40 0 [Note] InnoDB: Number of transaction pools: 1
2024-07-03  7:17:40 0 [Note] InnoDB: Using crc32 + pclmulqdq instructions
2024-07-03  7:17:40 0 [Note] InnoDB: Initializing buffer pool, total size = 128.000MiB, chunk size = 2.000MiB
2024-07-03  7:17:40 0 [Note] InnoDB: Completed initialization of buffer pool
2024-07-03  7:17:40 0 [Note] InnoDB: File system buffers for log disabled (block size=4096 bytes)
2024-07-03  7:17:40 0 [Note] InnoDB: Starting crash recovery from checkpoint LSN=87286
2024-07-03  7:17:40 0 [Note] InnoDB: End of log at LSN=94021
2024-07-03  7:17:40 0 [Note] InnoDB: To recover: 20 pages
2024-07-03  7:17:40 0 [Note] InnoDB: Opened 3 undo tablespaces
2024-07-03  7:17:40 0 [Note] InnoDB: 128 rollback segments in 3 undo tablespaces are active.
2024-07-03  7:17:40 0 [Note] InnoDB: Removed temporary tablespace data file: "./ibtmp1"
2024-07-03  7:17:40 0 [Note] InnoDB: Setting file './ibtmp1' size to 12.000MiB. Physically writing the file full; Please wait ...
2024-07-03  7:17:40 0 [Note] InnoDB: File './ibtmp1' size is now 12.000MiB.
2024-07-03  7:17:40 0 [Note] InnoDB: log sequence number 94021; transaction id 142
2024-07-03  7:17:40 0 [Note] InnoDB: Loading buffer pool(s) from C:\Users\chich\Documents\Site\system\mysql\data\ib_buffer_pool
2024-07-03  7:17:40 0 [Note] Plugin 'FEEDBACK' is disabled.
2024-07-03  7:17:40 0 [Note] mysqld.exe: SSPI: using principal name 'localhost', mech 'Negotiate'
2024-07-03  7:17:40 0 [Note] Recovering after a crash using tc.log
2024-07-03  7:17:40 0 [Note] Starting table crash recovery...
2024-07-03  7:17:40 0 [Note] Crash table recovery finished.
2024-07-03  7:17:40 0 [Note] InnoDB: Buffer pool(s) load completed at 240703  7:17:40
2024-07-03  7:17:41 0 [Note] Server socket created on IP: '::'.
2024-07-03  7:17:41 0 [Note] Server socket created on IP: '0.0.0.0'.
2024-07-03  7:17:41 0 [Note] mysqld.exe: Event Scheduler: Loaded 0 events
2024-07-03  7:17:41 0 [Note] C:\Users\chich\Documents\Site\system\mysql\bin\mysqld.exe: ready for connections.
Version: '11.4.2-MariaDB'  socket: ''  port: 3306  mariadb.org binary distribution
2024-07-03  9:36:34 0 [Note] console_event_handler: received CTRL_CLOSE_EVENT event, terminating
