2024-06-16 22:37:55 0 [Note] Starting MariaDB 11.4.2-MariaDB source revision 3fca5ed772fb75e3e57c507edef2985f8eba5b12 as process 38964
2024-06-16 22:37:55 0 [Note] InnoDB: The first data file './ibdata1' did not exist. A new tablespace will be created!
2024-06-16 22:37:55 0 [Note] InnoDB: Compressed tables use zlib 1.3.1
2024-06-16 22:37:55 0 [Note] InnoDB: Number of transaction pools: 1
2024-06-16 22:37:55 0 [Note] InnoDB: Using crc32 + pclmulqdq instructions
2024-06-16 22:37:55 0 [Note] InnoDB: Initializing buffer pool, total size = 20.000MiB, chunk size = 1.000MiB
2024-06-16 22:37:55 0 [Note] InnoDB: Completed initialization of buffer pool
2024-06-16 22:37:55 0 [Note] InnoDB: Setting file './ibdata1' size to 12.000MiB. Physically writing the file full; Please wait ...
2024-06-16 22:37:55 0 [Note] InnoDB: File './ibdata1' size is now 12.000MiB.
2024-06-16 22:37:55 0 [Note] InnoDB: File system buffers for log disabled (block size=4096 bytes)
2024-06-16 22:37:55 0 [Note] InnoDB: Data file .//undo001 did not exist: new to be created
2024-06-16 22:37:55 0 [Note] InnoDB: Setting file .//undo001 size to 10.000MiB
2024-06-16 22:37:55 0 [Note] InnoDB: Database physically writes the file full: wait...
2024-06-16 22:37:55 0 [Note] InnoDB: Data file .//undo002 did not exist: new to be created
2024-06-16 22:37:55 0 [Note] InnoDB: Setting file .//undo002 size to 10.000MiB
2024-06-16 22:37:55 0 [Note] InnoDB: Database physically writes the file full: wait...
2024-06-16 22:37:55 0 [Note] InnoDB: Data file .//undo003 did not exist: new to be created
2024-06-16 22:37:55 0 [Note] InnoDB: Setting file .//undo003 size to 10.000MiB
2024-06-16 22:37:55 0 [Note] InnoDB: Database physically writes the file full: wait...
2024-06-16 22:37:55 0 [Note] InnoDB: Doublewrite buffer not found: creating new
2024-06-16 22:37:55 0 [Note] InnoDB: Opened 3 undo tablespaces
2024-06-16 22:37:55 0 [Note] InnoDB: 128 rollback segments in 3 undo tablespaces are active.
2024-06-16 22:37:55 0 [Note] InnoDB: Setting file './ibtmp1' size to 12.000MiB. Physically writing the file full; Please wait ...
2024-06-16 22:37:55 0 [Note] InnoDB: File './ibtmp1' size is now 12.000MiB.
2024-06-16 22:37:55 0 [Note] InnoDB: log sequence number 0; transaction id 3
2024-06-16 22:37:55 0 [Note] Plugin 'FEEDBACK' is disabled.
2024-06-16 22:37:55 0 [Note] mysqld.exe: SSPI: using principal name 'localhost', mech 'Negotiate'
2024-06-16 22:38:23 0 [Note] Starting MariaDB 11.4.2-MariaDB source revision 3fca5ed772fb75e3e57c507edef2985f8eba5b12 as process 32312
2024-06-16 22:38:23 0 [Note] InnoDB: Compressed tables use zlib 1.3.1
2024-06-16 22:38:23 0 [Note] InnoDB: Number of transaction pools: 1
2024-06-16 22:38:23 0 [Note] InnoDB: Using crc32 + pclmulqdq instructions
2024-06-16 22:38:23 0 [Note] InnoDB: Initializing buffer pool, total size = 128.000MiB, chunk size = 2.000MiB
2024-06-16 22:38:23 0 [Note] InnoDB: Completed initialization of buffer pool
2024-06-16 22:38:23 0 [Note] InnoDB: File system buffers for log disabled (block size=4096 bytes)
2024-06-16 22:38:23 0 [Note] InnoDB: End of log at LSN=47763
2024-06-16 22:38:23 0 [Note] InnoDB: Opened 3 undo tablespaces
2024-06-16 22:38:23 0 [Note] InnoDB: 128 rollback segments in 3 undo tablespaces are active.
2024-06-16 22:38:23 0 [Note] InnoDB: Setting file './ibtmp1' size to 12.000MiB. Physically writing the file full; Please wait ...
2024-06-16 22:38:23 0 [Note] InnoDB: File './ibtmp1' size is now 12.000MiB.
2024-06-16 22:38:23 0 [Note] InnoDB: log sequence number 47763; transaction id 14
2024-06-16 22:38:23 0 [Note] InnoDB: Loading buffer pool(s) from C:\Users\delarun\Desktop\Files\Site\system\mysql\data\ib_buffer_pool
2024-06-16 22:38:23 0 [Note] Plugin 'FEEDBACK' is disabled.
2024-06-16 22:38:23 0 [Note] mysqld.exe: SSPI: using principal name 'localhost', mech 'Negotiate'
2024-06-16 22:38:23 0 [Note] InnoDB: Buffer pool(s) load completed at 240616 22:38:23
2024-06-16 22:38:24 0 [Note] Server socket created on IP: '::'.
2024-06-16 22:38:24 0 [Note] Server socket created on IP: '0.0.0.0'.
2024-06-16 22:38:24 0 [Note] mysqld.exe: Event Scheduler: Loaded 0 events
2024-06-16 22:38:24 0 [Note] C:\Users\delarun\Desktop\Files\Site\system\mysql\bin\mysqld.exe: ready for connections.
Version: '11.4.2-MariaDB'  socket: ''  port: 3306  mariadb.org binary distribution
2024-06-16 22:38:36 0 [Note] console_event_handler: received CTRL_C_EVENT event, shutting down
2024-06-16 22:38:36 0 [Note] C:\Users\delarun\Desktop\Files\Site\system\mysql\bin\mysqld.exe (initiated by: unknown): Normal shutdown
2024-06-16 22:38:36 0 [Note] InnoDB: FTS optimize thread exiting.
2024-06-16 22:38:36 0 [Note] InnoDB: Starting shutdown...
2024-06-16 22:38:36 0 [Note] InnoDB: Dumping buffer pool(s) to C:\Users\delarun\Desktop\Files\Site\system\mysql\data\ib_buffer_pool
2024-06-16 22:38:36 0 [Note] InnoDB: Buffer pool(s) dump completed at 240616 22:38:36
2024-06-16 22:38:37 0 [Note] InnoDB: Removed temporary tablespace data file: "./ibtmp1"
2024-06-16 22:38:37 0 [Note] InnoDB: Shutdown completed; log sequence number 47763; transaction id 15
2024-06-16 22:38:37 0 [Note] C:\Users\delarun\Desktop\Files\Site\system\mysql\bin\mysqld.exe: Shutdown complete

2024-06-16 22:38:49 0 [Note] Starting MariaDB 11.4.2-MariaDB source revision 3fca5ed772fb75e3e57c507edef2985f8eba5b12 as process 30088
2024-06-16 22:38:49 0 [Note] InnoDB: Compressed tables use zlib 1.3.1
2024-06-16 22:38:49 0 [Note] InnoDB: Number of transaction pools: 1
2024-06-16 22:38:49 0 [Note] InnoDB: Using crc32 + pclmulqdq instructions
2024-06-16 22:38:49 0 [Note] InnoDB: Initializing buffer pool, total size = 128.000MiB, chunk size = 2.000MiB
2024-06-16 22:38:49 0 [Note] InnoDB: Completed initialization of buffer pool
2024-06-16 22:38:49 0 [Note] InnoDB: File system buffers for log disabled (block size=4096 bytes)
2024-06-16 22:38:49 0 [Note] InnoDB: End of log at LSN=47763
2024-06-16 22:38:49 0 [Note] InnoDB: Opened 3 undo tablespaces
2024-06-16 22:38:49 0 [Note] InnoDB: 128 rollback segments in 3 undo tablespaces are active.
2024-06-16 22:38:49 0 [Note] InnoDB: Setting file './ibtmp1' size to 12.000MiB. Physically writing the file full; Please wait ...
2024-06-16 22:38:49 0 [Note] InnoDB: File './ibtmp1' size is now 12.000MiB.
2024-06-16 22:38:49 0 [Note] InnoDB: log sequence number 47763; transaction id 14
2024-06-16 22:38:49 0 [Note] Plugin 'FEEDBACK' is disabled.
2024-06-16 22:38:49 0 [Note] InnoDB: Loading buffer pool(s) from C:\Users\delarun\Desktop\Files\Site\system\mysql\data\ib_buffer_pool
2024-06-16 22:38:49 0 [Note] mysqld.exe: SSPI: using principal name 'localhost', mech 'Negotiate'
2024-06-16 22:38:49 0 [Note] InnoDB: Buffer pool(s) load completed at 240616 22:38:49
2024-06-16 22:38:49 0 [ERROR] C:\Users\delarun\Desktop\Files\Site\system\mysql\bin\mysqld.exe: unknown option '-H'
2024-06-16 22:38:49 0 [ERROR] Aborting
2024-06-16 22:39:38 0 [Note] Starting MariaDB 11.4.2-MariaDB source revision 3fca5ed772fb75e3e57c507edef2985f8eba5b12 as process 3856
2024-06-16 22:39:38 0 [Note] InnoDB: Compressed tables use zlib 1.3.1
2024-06-16 22:39:38 0 [Note] InnoDB: Number of transaction pools: 1
2024-06-16 22:39:38 0 [Note] InnoDB: Using crc32 + pclmulqdq instructions
2024-06-16 22:39:38 0 [Note] InnoDB: Initializing buffer pool, total size = 128.000MiB, chunk size = 2.000MiB
2024-06-16 22:39:38 0 [Note] InnoDB: Completed initialization of buffer pool
2024-06-16 22:39:38 0 [Note] InnoDB: File system buffers for log disabled (block size=4096 bytes)
2024-06-16 22:39:38 0 [Note] InnoDB: End of log at LSN=47763
2024-06-16 22:39:38 0 [Note] InnoDB: Opened 3 undo tablespaces
2024-06-16 22:39:38 0 [Note] InnoDB: 128 rollback segments in 3 undo tablespaces are active.
2024-06-16 22:39:38 0 [Note] InnoDB: Setting file './ibtmp1' size to 12.000MiB. Physically writing the file full; Please wait ...
2024-06-16 22:39:38 0 [Note] InnoDB: File './ibtmp1' size is now 12.000MiB.
2024-06-16 22:39:38 0 [Note] InnoDB: log sequence number 47763; transaction id 14
2024-06-16 22:39:38 0 [Note] Plugin 'FEEDBACK' is disabled.
2024-06-16 22:39:38 0 [Note] InnoDB: Loading buffer pool(s) from C:\Users\delarun\Desktop\Files\Site\system\mysql\data\ib_buffer_pool
2024-06-16 22:39:38 0 [Note] mysqld.exe: SSPI: using principal name 'localhost', mech 'Negotiate'
2024-06-16 22:39:38 0 [Note] InnoDB: Buffer pool(s) load completed at 240616 22:39:38
2024-06-16 22:39:38 0 [Note] Server socket created on IP: '::'.
2024-06-16 22:39:38 0 [Note] Server socket created on IP: '0.0.0.0'.
2024-06-16 22:39:38 0 [Note] mysqld.exe: Event Scheduler: Loaded 0 events
2024-06-16 22:39:38 0 [Note] C:\Users\delarun\Desktop\Files\Site\system\mysql\bin\mysqld.exe: ready for connections.
Version: '11.4.2-MariaDB'  socket: ''  port: 3306  mariadb.org binary distribution
2024-06-16 22:39:40 0 [Note] console_event_handler: received CTRL_C_EVENT event, shutting down
2024-06-16 22:39:40 0 [Note] C:\Users\delarun\Desktop\Files\Site\system\mysql\bin\mysqld.exe (initiated by: unknown): Normal shutdown
2024-06-16 22:39:40 0 [Note] InnoDB: FTS optimize thread exiting.
2024-06-16 22:39:40 0 [Note] InnoDB: Starting shutdown...
2024-06-16 22:39:40 0 [Note] InnoDB: Dumping buffer pool(s) to C:\Users\delarun\Desktop\Files\Site\system\mysql\data\ib_buffer_pool
2024-06-16 22:39:40 0 [Note] InnoDB: Buffer pool(s) dump completed at 240616 22:39:40
2024-06-16 22:39:40 0 [Note] InnoDB: Removed temporary tablespace data file: "./ibtmp1"
2024-06-16 22:39:40 0 [Note] InnoDB: Shutdown completed; log sequence number 47763; transaction id 15
2024-06-16 22:39:40 0 [Note] C:\Users\delarun\Desktop\Files\Site\system\mysql\bin\mysqld.exe: Shutdown complete

2024-06-16 22:39:52 0 [Note] Starting MariaDB 11.4.2-MariaDB source revision 3fca5ed772fb75e3e57c507edef2985f8eba5b12 as process 19484
2024-06-16 22:39:52 0 [Note] InnoDB: Compressed tables use zlib 1.3.1
2024-06-16 22:39:52 0 [Note] InnoDB: Number of transaction pools: 1
2024-06-16 22:39:52 0 [Note] InnoDB: Using crc32 + pclmulqdq instructions
2024-06-16 22:39:52 0 [Note] InnoDB: Initializing buffer pool, total size = 128.000MiB, chunk size = 2.000MiB
2024-06-16 22:39:52 0 [Note] InnoDB: Completed initialization of buffer pool
2024-06-16 22:39:52 0 [Note] InnoDB: File system buffers for log disabled (block size=4096 bytes)
2024-06-16 22:39:52 0 [Note] InnoDB: End of log at LSN=47763
2024-06-16 22:39:52 0 [Note] InnoDB: Opened 3 undo tablespaces
2024-06-16 22:39:52 0 [Note] InnoDB: 128 rollback segments in 3 undo tablespaces are active.
2024-06-16 22:39:52 0 [Note] InnoDB: Setting file './ibtmp1' size to 12.000MiB. Physically writing the file full; Please wait ...
2024-06-16 22:39:52 0 [Note] InnoDB: File './ibtmp1' size is now 12.000MiB.
2024-06-16 22:39:52 0 [Note] InnoDB: log sequence number 47763; transaction id 14
2024-06-16 22:39:52 0 [Note] Plugin 'FEEDBACK' is disabled.
2024-06-16 22:39:52 0 [Note] InnoDB: Loading buffer pool(s) from C:\Users\delarun\Desktop\Files\Site\system\mysql\data\ib_buffer_pool
2024-06-16 22:39:52 0 [Note] mysqld.exe: SSPI: using principal name 'localhost', mech 'Negotiate'
2024-06-16 22:39:52 0 [Note] InnoDB: Buffer pool(s) load completed at 240616 22:39:52
2024-06-16 22:39:52 0 [ERROR] C:\Users\delarun\Desktop\Files\Site\system\mysql\bin\mysqld.exe: unknown option '-B'
2024-06-16 22:39:52 0 [ERROR] Aborting
2024-06-16 22:39:54 0 [Note] Starting MariaDB 11.4.2-MariaDB source revision 3fca5ed772fb75e3e57c507edef2985f8eba5b12 as process 17672
2024-06-16 22:39:54 0 [Note] InnoDB: Compressed tables use zlib 1.3.1
2024-06-16 22:39:54 0 [Note] InnoDB: Number of transaction pools: 1
2024-06-16 22:39:54 0 [Note] InnoDB: Using crc32 + pclmulqdq instructions
2024-06-16 22:39:54 0 [Note] InnoDB: Initializing buffer pool, total size = 128.000MiB, chunk size = 2.000MiB
2024-06-16 22:39:54 0 [Note] InnoDB: Completed initialization of buffer pool
2024-06-16 22:39:54 0 [Note] InnoDB: File system buffers for log disabled (block size=4096 bytes)
2024-06-16 22:39:54 0 [Note] InnoDB: End of log at LSN=47763
2024-06-16 22:39:54 0 [Note] InnoDB: Opened 3 undo tablespaces
2024-06-16 22:39:54 0 [Note] InnoDB: 128 rollback segments in 3 undo tablespaces are active.
2024-06-16 22:39:54 0 [Note] InnoDB: Setting file './ibtmp1' size to 12.000MiB. Physically writing the file full; Please wait ...
2024-06-16 22:39:54 0 [Note] InnoDB: File './ibtmp1' size is now 12.000MiB.
2024-06-16 22:39:54 0 [Note] InnoDB: log sequence number 47763; transaction id 14
2024-06-16 22:39:54 0 [Note] Plugin 'FEEDBACK' is disabled.
2024-06-16 22:39:54 0 [Note] InnoDB: Loading buffer pool(s) from C:\Users\delarun\Desktop\Files\Site\system\mysql\data\ib_buffer_pool
2024-06-16 22:39:54 0 [Note] mysqld.exe: SSPI: using principal name 'localhost', mech 'Negotiate'
2024-06-16 22:39:54 0 [Note] InnoDB: Buffer pool(s) load completed at 240616 22:39:54
2024-06-16 22:39:55 0 [Note] Server socket created on IP: '::'.
2024-06-16 22:39:55 0 [Note] Server socket created on IP: '0.0.0.0'.
2024-06-16 22:39:55 0 [Note] mysqld.exe: Event Scheduler: Loaded 0 events
2024-06-16 22:39:55 0 [Note] C:\Users\delarun\Desktop\Files\Site\system\mysql\bin\mysqld.exe: ready for connections.
Version: '11.4.2-MariaDB'  socket: ''  port: 3306  mariadb.org binary distribution
2024-06-16 22:39:56 0 [Note] console_event_handler: received CTRL_C_EVENT event, shutting down
2024-06-16 22:39:56 0 [Note] C:\Users\delarun\Desktop\Files\Site\system\mysql\bin\mysqld.exe (initiated by: unknown): Normal shutdown
2024-06-16 22:39:56 0 [Note] InnoDB: FTS optimize thread exiting.
2024-06-16 22:39:57 0 [Note] InnoDB: Starting shutdown...
2024-06-16 22:39:57 0 [Note] InnoDB: Dumping buffer pool(s) to C:\Users\delarun\Desktop\Files\Site\system\mysql\data\ib_buffer_pool
2024-06-16 22:39:57 0 [Note] InnoDB: Buffer pool(s) dump completed at 240616 22:39:57
2024-06-16 22:39:57 0 [Note] InnoDB: Removed temporary tablespace data file: "./ibtmp1"
2024-06-16 22:39:57 0 [Note] InnoDB: Shutdown completed; log sequence number 47763; transaction id 15
2024-06-16 22:39:57 0 [Note] C:\Users\delarun\Desktop\Files\Site\system\mysql\bin\mysqld.exe: Shutdown complete

2024-06-16 22:41:10 0 [Note] Starting MariaDB 11.4.2-MariaDB source revision 3fca5ed772fb75e3e57c507edef2985f8eba5b12 as process 32896
2024-06-16 22:41:10 0 [Note] InnoDB: Compressed tables use zlib 1.3.1
2024-06-16 22:41:10 0 [Note] InnoDB: Number of transaction pools: 1
2024-06-16 22:41:10 0 [Note] InnoDB: Using crc32 + pclmulqdq instructions
2024-06-16 22:41:10 0 [Note] InnoDB: Initializing buffer pool, total size = 128.000MiB, chunk size = 2.000MiB
2024-06-16 22:41:10 0 [Note] InnoDB: Completed initialization of buffer pool
2024-06-16 22:41:10 0 [Note] InnoDB: File system buffers for log disabled (block size=4096 bytes)
2024-06-16 22:41:10 0 [Note] InnoDB: End of log at LSN=47763
2024-06-16 22:41:10 0 [Note] InnoDB: Opened 3 undo tablespaces
2024-06-16 22:41:10 0 [Note] InnoDB: 128 rollback segments in 3 undo tablespaces are active.
2024-06-16 22:41:10 0 [Note] InnoDB: Setting file './ibtmp1' size to 12.000MiB. Physically writing the file full; Please wait ...
2024-06-16 22:41:10 0 [Note] InnoDB: File './ibtmp1' size is now 12.000MiB.
2024-06-16 22:41:10 0 [Note] InnoDB: log sequence number 47763; transaction id 14
2024-06-16 22:41:10 0 [Note] Plugin 'FEEDBACK' is disabled.
2024-06-16 22:41:10 0 [Note] InnoDB: Loading buffer pool(s) from C:\Users\delarun\Desktop\Files\Site\system\mysql\data\ib_buffer_pool
2024-06-16 22:41:10 0 [Note] mysqld.exe: SSPI: using principal name 'localhost', mech 'Negotiate'
2024-06-16 22:41:10 0 [Note] InnoDB: Buffer pool(s) load completed at 240616 22:41:10
2024-06-16 22:41:11 0 [Note] Server socket created on IP: '::'.
2024-06-16 22:41:11 0 [Note] Server socket created on IP: '0.0.0.0'.
2024-06-16 22:41:11 0 [Note] mysqld.exe: Event Scheduler: Loaded 0 events
2024-06-16 22:41:11 0 [Note] C:\Users\delarun\Desktop\Files\Site\system\mysql\bin\mysqld.exe: ready for connections.
Version: '11.4.2-MariaDB'  socket: ''  port: 3306  mariadb.org binary distribution
2024-06-16 22:41:12 0 [Note] console_event_handler: received CTRL_C_EVENT event, shutting down
2024-06-16 22:41:12 0 [Note] C:\Users\delarun\Desktop\Files\Site\system\mysql\bin\mysqld.exe (initiated by: unknown): Normal shutdown
2024-06-16 22:41:12 0 [Note] InnoDB: FTS optimize thread exiting.
2024-06-16 22:41:12 0 [Note] InnoDB: Starting shutdown...
2024-06-16 22:41:12 0 [Note] InnoDB: Dumping buffer pool(s) to C:\Users\delarun\Desktop\Files\Site\system\mysql\data\ib_buffer_pool
2024-06-16 22:41:12 0 [Note] InnoDB: Buffer pool(s) dump completed at 240616 22:41:12
2024-06-16 22:41:12 0 [Note] InnoDB: Removed temporary tablespace data file: "./ibtmp1"
2024-06-16 22:41:12 0 [Note] InnoDB: Shutdown completed; log sequence number 47763; transaction id 15
2024-06-16 22:41:12 0 [Note] C:\Users\delarun\Desktop\Files\Site\system\mysql\bin\mysqld.exe: Shutdown complete

2024-06-16 22:41:26 0 [Note] Starting MariaDB 11.4.2-MariaDB source revision 3fca5ed772fb75e3e57c507edef2985f8eba5b12 as process 15864
2024-06-16 22:41:26 0 [Note] InnoDB: Compressed tables use zlib 1.3.1
2024-06-16 22:41:26 0 [Note] InnoDB: Number of transaction pools: 1
2024-06-16 22:41:26 0 [Note] InnoDB: Using crc32 + pclmulqdq instructions
2024-06-16 22:41:26 0 [Note] InnoDB: Initializing buffer pool, total size = 128.000MiB, chunk size = 2.000MiB
2024-06-16 22:41:26 0 [Note] InnoDB: Completed initialization of buffer pool
2024-06-16 22:41:26 0 [Note] InnoDB: File system buffers for log disabled (block size=4096 bytes)
2024-06-16 22:41:26 0 [Note] InnoDB: End of log at LSN=47763
2024-06-16 22:41:26 0 [Note] InnoDB: Opened 3 undo tablespaces
2024-06-16 22:41:26 0 [Note] InnoDB: 128 rollback segments in 3 undo tablespaces are active.
2024-06-16 22:41:26 0 [Note] InnoDB: Setting file './ibtmp1' size to 12.000MiB. Physically writing the file full; Please wait ...
2024-06-16 22:41:26 0 [Note] InnoDB: File './ibtmp1' size is now 12.000MiB.
2024-06-16 22:41:26 0 [Note] InnoDB: log sequence number 47763; transaction id 14
2024-06-16 22:41:26 0 [Note] InnoDB: Loading buffer pool(s) from C:\Users\delarun\Desktop\Files\Site\system\mysql\data\ib_buffer_pool
2024-06-16 22:41:26 0 [Note] Plugin 'FEEDBACK' is disabled.
2024-06-16 22:41:26 0 [Note] mysqld.exe: SSPI: using principal name 'localhost', mech 'Negotiate'
2024-06-16 22:41:26 0 [Note] InnoDB: Buffer pool(s) load completed at 240616 22:41:26
2024-06-16 22:41:27 0 [Note] Server socket created on IP: '::'.
2024-06-16 22:41:27 0 [Note] Server socket created on IP: '0.0.0.0'.
2024-06-16 22:41:27 0 [Note] mysqld.exe: Event Scheduler: Loaded 0 events
2024-06-16 22:41:27 0 [Note] C:\Users\delarun\Desktop\Files\Site\system\mysql\bin\mysqld.exe: ready for connections.
Version: '11.4.2-MariaDB'  socket: ''  port: 3306  mariadb.org binary distribution
2024-06-16 22:44:07 3 [Warning] Access denied for user 'root'@'localhost' (using password: YES)
2024-06-16 22:44:31 4 [Warning] Access denied for user 'root'@'localhost' (using password: YES)
2024-06-16 22:44:40 5 [Warning] Access denied for user 'root'@'localhost' (using password: YES)
2024-06-16 22:44:57 6 [Warning] Access denied for user 'delarun'@'localhost' (using password: NO)
2024-06-16 22:45:37 9 [Warning] Access denied for user 'root'@'localhost' (using password: YES)
2024-06-16 22:45:47 10 [Warning] Access denied for user 'root'@'localhost' (using password: YES)
2024-06-16 22:45:52 11 [Warning] Access denied for user 'root'@'localhost' (using password: YES)
2024-06-16 23:01:09 357 [Warning] Access denied for user ''@'localhost' (using password: NO)
2024-06-16 23:01:09 358 [Warning] Access denied for user ''@'localhost' (using password: NO)
2024-06-16 23:45:09 0 [Note] console_event_handler: received CTRL_C_EVENT event, shutting down
2024-06-16 23:45:09 0 [Note] C:\Users\delarun\Desktop\Files\Site\system\mysql\bin\mysqld.exe (initiated by: unknown): Normal shutdown
2024-06-16 23:45:09 0 [Note] InnoDB: FTS optimize thread exiting.
2024-06-16 23:45:09 0 [Note] InnoDB: Starting shutdown...
2024-06-16 23:45:09 0 [Note] InnoDB: Dumping buffer pool(s) to C:\Users\delarun\Desktop\Files\Site\system\mysql\data\ib_buffer_pool
2024-06-16 23:45:09 0 [Note] InnoDB: Buffer pool(s) dump completed at 240616 23:45:09
2024-06-16 23:45:10 0 [Note] InnoDB: Removed temporary tablespace data file: "./ibtmp1"
2024-06-16 23:45:10 0 [Note] InnoDB: Shutdown completed; log sequence number 87286; transaction id 103
2024-06-16 23:45:10 0 [Note] C:\Users\delarun\Desktop\Files\Site\system\mysql\bin\mysqld.exe: Shutdown complete

